<?xml version="1.0" encoding="UTF-8"?>
<testsuite name="TestCadastroProjeto" tests="7" errors="0" failures="0" skipped="0" time="39.939">
<testcase classname="TestCadastroProjeto" name="Cenário 01 Cadastro Projeto: Serão preenchidos os campos do projeto para o cadastro" time="19.383">
</testcase>
<testcase classname="TestCadastroProjeto" name="Cenário 02 Cadastro Projeto: Incluir dados da Empresa" time="4.351">
</testcase>
<testcase classname="TestCadastroProjeto" name="Cenário 03 Cadastro Projeto: Incluir Histórico" time="2.234">
</testcase>
<testcase classname="TestCadastroProjeto" name="Cenário 04 Cadastro Projeto: Incluir Objetivo, Meta e Indicador" time="1.751">
</testcase>
<testcase classname="TestCadastroProjeto" name="Cenário 05 Cadastro Projeto: Adicionar Executor" time="2.236">
</testcase>
<testcase classname="TestCadastroProjeto" name="Cenário 06 Cadastro Projeto: Adicionar Perfil de Bolsista" time="3.365">
</testcase>
<testcase classname="TestCadastroProjeto" name="Cenário 07 Cadastro Projeto: Adicionar Macro ação geral" time="6.178">
</testcase>
</testsuite>
